{"name":"verifyProductName","id":"tests.AccountTest:verifyProductName","testCaseName":"tests.AccountTest","testSteps":[{"number":1,"description":"Launch application","duration":49158,"startTime":"2021-08-10T09:39:20.210+05:30[Asia/Calcutta]","screenshots":[{"screenshot":"3768936e67a7a195e62f1e68776b71b2abbf4d79be0556b2636d4030ba896404.png","timeStamp":1628568609368}],"result":"SUCCESS","precondition":false,"level":0},{"number":2,"description":"User login","duration":10138,"startTime":"2021-08-10T09:40:09.399+05:30[Asia/Calcutta]","screenshots":[{"screenshot":"805a5a69ba1946ac89b8db81a397112f8c93400e14d763c2379be0edf97f24e9.png","timeStamp":1628568619537}],"result":"SUCCESS","precondition":false,"level":0},{"number":3,"description":"Verify login","duration":254,"startTime":"2021-08-10T09:40:19.537+05:30[Asia/Calcutta]","screenshots":[{"screenshot":"805a5a69ba1946ac89b8db81a397112f8c93400e14d763c2379be0edf97f24e9.png","timeStamp":1628568619791}],"result":"SUCCESS","precondition":false,"level":0},{"number":4,"description":"Validate account page","duration":656,"startTime":"2021-08-10T09:40:19.791+05:30[Asia/Calcutta]","screenshots":[{"screenshot":"805a5a69ba1946ac89b8db81a397112f8c93400e14d763c2379be0edf97f24e9.png","timeStamp":1628568620447}],"result":"SUCCESS","precondition":false,"level":0},{"number":5,"description":"Validate product: dress, Casual Dresses \u003e Printed Dress","duration":11793,"startTime":"2021-08-10T09:40:20.447+05:30[Asia/Calcutta]","screenshots":[{"screenshot":"8cc5c981f980c41e59e75531630db19d5ef4a4a6022ee7b82d7c8780d7e48229.png","htmlSource":"pagesource6465600403282800004.html.txt","timeStamp":1628568632225}],"exception":{"errorType":"net.thucydides.core.webdriver.exceptions.ElementShouldBeEnabledException","message":"Expected enabled element was not enabled","stackTrace":[{"declaringClass":"pages.AccountPage","methodName":"search","fileName":"AccountPage.java","lineNumber":20},{"declaringClass":"steps.AccountPageSteps","methodName":"validateProduct","fileName":"AccountPageSteps.java","lineNumber":17},{"declaringClass":"tests.AccountTest","methodName":"verifyProductName","fileName":"AccountTest.java","lineNumber":32}],"rootCause":{"errorType":"org.openqa.selenium.TimeoutException","message":"Expected condition failed: waiting for By.xpath: //li[text()\u003d\u0027Casual Dresses \u003e Printed Dress\u0027] to be enabled (tried for 5 second(s) with 100 milliseconds interval)","stackTrace":[{"declaringClass":"pages.AccountPage","methodName":"search","fileName":"AccountPage.java","lineNumber":20},{"declaringClass":"steps.AccountPageSteps","methodName":"validateProduct","fileName":"AccountPageSteps.java","lineNumber":17},{"declaringClass":"tests.AccountTest","methodName":"verifyProductName","fileName":"AccountTest.java","lineNumber":32}],"rootCause":{"errorType":"org.openqa.selenium.NoSuchElementException","message":"no such element: Unable to locate element: {\"method\":\"xpath\",\"selector\":\"//li[text()\u003d\u0027Casual Dresses \u003e Printed Dress\u0027]\"}\n  (Session info: chrome\u003d92.0.4515.131)\nFor documentation on this error, please visit: https://www.seleniumhq.org/exceptions/no_such_element.html\nBuild info: version: \u00273.141.59\u0027, revision: \u0027e82be7d358\u0027, time: \u00272018-11-14T08:17:03\u0027\nSystem info: host: \u0027DESKTOP-G3PG0JP\u0027, ip: \u0027192.168.0.106\u0027, os.name: \u0027Windows 10\u0027, os.arch: \u0027amd64\u0027, os.version: \u002710.0\u0027, java.version: \u00271.8.0_171\u0027\nDriver info: org.openqa.selenium.chrome.ChromeDriver\nCapabilities {acceptInsecureCerts: false, browserName: chrome, browserVersion: 92.0.4515.131, chrome: {chromedriverVersion: 92.0.4515.107 (87a818b10553..., userDataDir: C:\\Users\\Admin\\AppData\\Loca...}, goog:chromeOptions: {debuggerAddress: localhost:52836}, javascriptEnabled: true, networkConnectionEnabled: false, pageLoadStrategy: normal, platform: WINDOWS, platformName: WINDOWS, proxy: Proxy(), setWindowRect: true, strictFileInteractability: false, timeouts: {implicit: 0, pageLoad: 300000, script: 30000}, unhandledPromptBehavior: dismiss and notify, webauthn:extension:credBlob: true, webauthn:extension:largeBlob: true, webauthn:virtualAuthenticators: true}\nSession ID: 089aa148e71243536318db8395aee37d\n*** Element info: {Using\u003dxpath, value\u003d//li[text()\u003d\u0027Casual Dresses \u003e Printed Dress\u0027]}","stackTrace":[{"declaringClass":"pages.AccountPage","methodName":"search","fileName":"AccountPage.java","lineNumber":20},{"declaringClass":"steps.AccountPageSteps","methodName":"validateProduct","fileName":"AccountPageSteps.java","lineNumber":17},{"declaringClass":"tests.AccountTest","methodName":"verifyProductName","fileName":"AccountTest.java","lineNumber":32}]}}},"result":"FAILURE","precondition":false,"level":0}],"userStory":{"id":"tests.AccountTest","storyName":"Account test","storyClassName":"tests.AccountTest","path":"tests","type":"story"},"featureTag":{"name":"Tests/Account test","type":"story","displayName":"Tests/Account test"},"title":"Verify product name","tags":[{"name":"Tests/Account test","type":"story","displayName":"Tests/Account test"}],"startTime":"2021-08-10T09:39:19.292+05:30[Asia/Calcutta]","duration":73276,"testFailureCause":{"errorType":"net.thucydides.core.webdriver.exceptions.ElementShouldBeEnabledException","message":"Expected enabled element was not enabled\nBuild info: version: \u00273.141.59\u0027, revision: \u0027e82be7d358\u0027, time: \u00272018-11-14T08:17:03\u0027\nSystem info: host: \u0027DESKTOP-G3PG0JP\u0027, ip: \u0027192.168.0.106\u0027, os.name: \u0027Windows 10\u0027, os.arch: \u0027amd64\u0027, os.version: \u002710.0\u0027, java.version: \u00271.8.0_171\u0027\nDriver info: driver.version: unknown","stackTrace":[{"declaringClass":"pages.AccountPage","methodName":"search","fileName":"AccountPage.java","lineNumber":20},{"declaringClass":"steps.AccountPageSteps","methodName":"validateProduct","fileName":"AccountPageSteps.java","lineNumber":17},{"declaringClass":"tests.AccountTest","methodName":"verifyProductName","fileName":"AccountTest.java","lineNumber":32}]},"testFailureClassname":"net.thucydides.core.webdriver.exceptions.ElementShouldBeEnabledException","testFailureMessage":"Expected enabled element was not enabled\nBuild info: version: \u00273.141.59\u0027, revision: \u0027e82be7d358\u0027, time: \u00272018-11-14T08:17:03\u0027\nSystem info: host: \u0027DESKTOP-G3PG0JP\u0027, ip: \u0027192.168.0.106\u0027, os.name: \u0027Windows 10\u0027, os.arch: \u0027amd64\u0027, os.version: \u002710.0\u0027, java.version: \u00271.8.0_171\u0027\nDriver info: driver.version: unknown","testFailureSummary":"FAILURE;net.thucydides.core.webdriver.exceptions.ElementShouldBeEnabledException;Expected enabled element was not enabled\nBuild info: version: \u00273.141.59\u0027, revision: \u0027e82be7d358\u0027, time: \u00272018-11-14T08:17:03\u0027\nSystem info: host: \u0027DESKTOP-G3PG0JP\u0027, ip: \u0027192.168.0.106\u0027, os.name: \u0027Windows 10\u0027, os.arch: \u0027amd64\u0027, os.version: \u002710.0\u0027, java.version: \u00271.8.0_171\u0027\nDriver info: driver.version: unknown;AccountPage.java","projectKey":"","annotatedResult":"FAILURE","sessionId":"089aa148e71243536318db8395aee37d","driver":"chrome","isManualTestingUpToDate":false,"manual":false,"testSource":"JUnit","order":0,"result":"FAILURE"}